Error: request entity too large
    at readStream (/opt/bitnami/apache2/htdocs/data-preprocess/node_modules/raw-body/index.js:196:17)
    at getRawBody (/opt/bitnami/apache2/htdocs/data-preprocess/node_modules/raw-body/index.js:106:12)
    at read (/opt/bitnami/apache2/htdocs/data-preprocess/node_modules/body-parser/lib/read.js:76:3)
    at urlencodedParser (/opt/bitnami/apache2/htdocs/data-preprocess/node_modules/body-parser/lib/types/urlencoded.js:109:5)
    at Layer.handle [as handle_request] (/opt/bitnami/apache2/htdocs/data-preprocess/node_modules/express/lib/router/layer.js:95:5)
    at trim_prefix (/opt/bitnami/apache2/htdocs/data-preprocess/node_modules/express/lib/router/index.js:312:13)
    at /opt/bitnami/apache2/htdocs/data-preprocess/node_modules/express/lib/router/index.js:280:7
    at Function.process_params (/opt/bitnami/apache2/htdocs/data-preprocess/node_modules/express/lib/router/index.js:330:12)
    at next (/opt/bitnami/apache2/htdocs/data-preprocess/node_modules/express/lib/router/index.js:271:10)
    at expressInit (/opt/bitnami/apache2/htdocs/data-preprocess/node_modules/express/lib/middleware/init.js:33:5)
Error: request entity too large
    at readStream (/opt/bitnami/apache2/htdocs/data-preprocess/node_modules/raw-body/index.js:196:17)
    at getRawBody (/opt/bitnami/apache2/htdocs/data-preprocess/node_modules/raw-body/index.js:106:12)
    at read (/opt/bitnami/apache2/htdocs/data-preprocess/node_modules/body-parser/lib/read.js:76:3)
    at urlencodedParser (/opt/bitnami/apache2/htdocs/data-preprocess/node_modules/body-parser/lib/types/urlencoded.js:109:5)
    at Layer.handle [as handle_request] (/opt/bitnami/apache2/htdocs/data-preprocess/node_modules/express/lib/router/layer.js:95:5)
    at trim_prefix (/opt/bitnami/apache2/htdocs/data-preprocess/node_modules/express/lib/router/index.js:312:13)
    at /opt/bitnami/apache2/htdocs/data-preprocess/node_modules/express/lib/router/index.js:280:7
    at Function.process_params (/opt/bitnami/apache2/htdocs/data-preprocess/node_modules/express/lib/router/index.js:330:12)
    at next (/opt/bitnami/apache2/htdocs/data-preprocess/node_modules/express/lib/router/index.js:271:10)
    at expressInit (/opt/bitnami/apache2/htdocs/data-preprocess/node_modules/express/lib/middleware/init.js:33:5)
Error: request entity too large
    at readStream (/opt/bitnami/apache2/htdocs/data-preprocess/node_modules/raw-body/index.js:196:17)
    at getRawBody (/opt/bitnami/apache2/htdocs/data-preprocess/node_modules/raw-body/index.js:106:12)
    at read (/opt/bitnami/apache2/htdocs/data-preprocess/node_modules/body-parser/lib/read.js:76:3)
    at urlencodedParser (/opt/bitnami/apache2/htdocs/data-preprocess/node_modules/body-parser/lib/types/urlencoded.js:109:5)
    at Layer.handle [as handle_request] (/opt/bitnami/apache2/htdocs/data-preprocess/node_modules/express/lib/router/layer.js:95:5)
    at trim_prefix (/opt/bitnami/apache2/htdocs/data-preprocess/node_modules/express/lib/router/index.js:312:13)
    at /opt/bitnami/apache2/htdocs/data-preprocess/node_modules/express/lib/router/index.js:280:7
    at Function.process_params (/opt/bitnami/apache2/htdocs/data-preprocess/node_modules/express/lib/router/index.js:330:12)
    at next (/opt/bitnami/apache2/htdocs/data-preprocess/node_modules/express/lib/router/index.js:271:10)
    at expressInit (/opt/bitnami/apache2/htdocs/data-preprocess/node_modules/express/lib/middleware/init.js:33:5)
Error: request entity too large
    at readStream (/opt/bitnami/apache2/htdocs/data-preprocess/node_modules/raw-body/index.js:196:17)
    at getRawBody (/opt/bitnami/apache2/htdocs/data-preprocess/node_modules/raw-body/index.js:106:12)
    at read (/opt/bitnami/apache2/htdocs/data-preprocess/node_modules/body-parser/lib/read.js:76:3)
    at urlencodedParser (/opt/bitnami/apache2/htdocs/data-preprocess/node_modules/body-parser/lib/types/urlencoded.js:109:5)
    at Layer.handle [as handle_request] (/opt/bitnami/apache2/htdocs/data-preprocess/node_modules/express/lib/router/layer.js:95:5)
    at trim_prefix (/opt/bitnami/apache2/htdocs/data-preprocess/node_modules/express/lib/router/index.js:312:13)
    at /opt/bitnami/apache2/htdocs/data-preprocess/node_modules/express/lib/router/index.js:280:7
    at Function.process_params (/opt/bitnami/apache2/htdocs/data-preprocess/node_modules/express/lib/router/index.js:330:12)
    at next (/opt/bitnami/apache2/htdocs/data-preprocess/node_modules/express/lib/router/index.js:271:10)
    at expressInit (/opt/bitnami/apache2/htdocs/data-preprocess/node_modules/express/lib/middleware/init.js:33:5)
Error: request entity too large
    at readStream (/opt/bitnami/apache2/htdocs/data-preprocess/node_modules/raw-body/index.js:196:17)
    at getRawBody (/opt/bitnami/apache2/htdocs/data-preprocess/node_modules/raw-body/index.js:106:12)
    at read (/opt/bitnami/apache2/htdocs/data-preprocess/node_modules/body-parser/lib/read.js:76:3)
    at urlencodedParser (/opt/bitnami/apache2/htdocs/data-preprocess/node_modules/body-parser/lib/types/urlencoded.js:109:5)
    at Layer.handle [as handle_request] (/opt/bitnami/apache2/htdocs/data-preprocess/node_modules/express/lib/router/layer.js:95:5)
    at trim_prefix (/opt/bitnami/apache2/htdocs/data-preprocess/node_modules/express/lib/router/index.js:312:13)
    at /opt/bitnami/apache2/htdocs/data-preprocess/node_modules/express/lib/router/index.js:280:7
    at Function.process_params (/opt/bitnami/apache2/htdocs/data-preprocess/node_modules/express/lib/router/index.js:330:12)
    at next (/opt/bitnami/apache2/htdocs/data-preprocess/node_modules/express/lib/router/index.js:271:10)
    at expressInit (/opt/bitnami/apache2/htdocs/data-preprocess/node_modules/express/lib/middleware/init.js:33:5)
Error: request entity too large
    at readStream (/opt/bitnami/apache2/htdocs/data-preprocess/node_modules/raw-body/index.js:196:17)
    at getRawBody (/opt/bitnami/apache2/htdocs/data-preprocess/node_modules/raw-body/index.js:106:12)
    at read (/opt/bitnami/apache2/htdocs/data-preprocess/node_modules/body-parser/lib/read.js:76:3)
    at urlencodedParser (/opt/bitnami/apache2/htdocs/data-preprocess/node_modules/body-parser/lib/types/urlencoded.js:109:5)
    at Layer.handle [as handle_request] (/opt/bitnami/apache2/htdocs/data-preprocess/node_modules/express/lib/router/layer.js:95:5)
    at trim_prefix (/opt/bitnami/apache2/htdocs/data-preprocess/node_modules/express/lib/router/index.js:312:13)
    at /opt/bitnami/apache2/htdocs/data-preprocess/node_modules/express/lib/router/index.js:280:7
    at Function.process_params (/opt/bitnami/apache2/htdocs/data-preprocess/node_modules/express/lib/router/index.js:330:12)
    at next (/opt/bitnami/apache2/htdocs/data-preprocess/node_modules/express/lib/router/index.js:271:10)
    at expressInit (/opt/bitnami/apache2/htdocs/data-preprocess/node_modules/express/lib/middleware/init.js:33:5)
Error: request entity too large
    at readStream (/opt/bitnami/apache2/htdocs/data-preprocess/node_modules/raw-body/index.js:196:17)
    at getRawBody (/opt/bitnami/apache2/htdocs/data-preprocess/node_modules/raw-body/index.js:106:12)
    at read (/opt/bitnami/apache2/htdocs/data-preprocess/node_modules/body-parser/lib/read.js:76:3)
    at urlencodedParser (/opt/bitnami/apache2/htdocs/data-preprocess/node_modules/body-parser/lib/types/urlencoded.js:109:5)
    at Layer.handle [as handle_request] (/opt/bitnami/apache2/htdocs/data-preprocess/node_modules/express/lib/router/layer.js:95:5)
    at trim_prefix (/opt/bitnami/apache2/htdocs/data-preprocess/node_modules/express/lib/router/index.js:312:13)
    at /opt/bitnami/apache2/htdocs/data-preprocess/node_modules/express/lib/router/index.js:280:7
    at Function.process_params (/opt/bitnami/apache2/htdocs/data-preprocess/node_modules/express/lib/router/index.js:330:12)
    at next (/opt/bitnami/apache2/htdocs/data-preprocess/node_modules/express/lib/router/index.js:271:10)
    at expressInit (/opt/bitnami/apache2/htdocs/data-preprocess/node_modules/express/lib/middleware/init.js:33:5)
Error: request entity too large
    at readStream (/opt/bitnami/apache2/htdocs/data-preprocess/node_modules/raw-body/index.js:196:17)
    at getRawBody (/opt/bitnami/apache2/htdocs/data-preprocess/node_modules/raw-body/index.js:106:12)
    at read (/opt/bitnami/apache2/htdocs/data-preprocess/node_modules/body-parser/lib/read.js:76:3)
    at urlencodedParser (/opt/bitnami/apache2/htdocs/data-preprocess/node_modules/body-parser/lib/types/urlencoded.js:109:5)
    at Layer.handle [as handle_request] (/opt/bitnami/apache2/htdocs/data-preprocess/node_modules/express/lib/router/layer.js:95:5)
    at trim_prefix (/opt/bitnami/apache2/htdocs/data-preprocess/node_modules/express/lib/router/index.js:312:13)
    at /opt/bitnami/apache2/htdocs/data-preprocess/node_modules/express/lib/router/index.js:280:7
    at Function.process_params (/opt/bitnami/apache2/htdocs/data-preprocess/node_modules/express/lib/router/index.js:330:12)
    at next (/opt/bitnami/apache2/htdocs/data-preprocess/node_modules/express/lib/router/index.js:271:10)
    at expressInit (/opt/bitnami/apache2/htdocs/data-preprocess/node_modules/express/lib/middleware/init.js:33:5)
Error: request entity too large
    at readStream (/opt/bitnami/apache2/htdocs/data-preprocess/node_modules/raw-body/index.js:196:17)
    at getRawBody (/opt/bitnami/apache2/htdocs/data-preprocess/node_modules/raw-body/index.js:106:12)
    at read (/opt/bitnami/apache2/htdocs/data-preprocess/node_modules/body-parser/lib/read.js:76:3)
    at urlencodedParser (/opt/bitnami/apache2/htdocs/data-preprocess/node_modules/body-parser/lib/types/urlencoded.js:109:5)
    at Layer.handle [as handle_request] (/opt/bitnami/apache2/htdocs/data-preprocess/node_modules/express/lib/router/layer.js:95:5)
    at trim_prefix (/opt/bitnami/apache2/htdocs/data-preprocess/node_modules/express/lib/router/index.js:312:13)
    at /opt/bitnami/apache2/htdocs/data-preprocess/node_modules/express/lib/router/index.js:280:7
    at Function.process_params (/opt/bitnami/apache2/htdocs/data-preprocess/node_modules/express/lib/router/index.js:330:12)
    at next (/opt/bitnami/apache2/htdocs/data-preprocess/node_modules/express/lib/router/index.js:271:10)
    at expressInit (/opt/bitnami/apache2/htdocs/data-preprocess/node_modules/express/lib/middleware/init.js:33:5)
Error: request entity too large
    at readStream (/opt/bitnami/apache2/htdocs/data-preprocess/node_modules/raw-body/index.js:196:17)
    at getRawBody (/opt/bitnami/apache2/htdocs/data-preprocess/node_modules/raw-body/index.js:106:12)
    at read (/opt/bitnami/apache2/htdocs/data-preprocess/node_modules/body-parser/lib/read.js:76:3)
    at urlencodedParser (/opt/bitnami/apache2/htdocs/data-preprocess/node_modules/body-parser/lib/types/urlencoded.js:109:5)
    at Layer.handle [as handle_request] (/opt/bitnami/apache2/htdocs/data-preprocess/node_modules/express/lib/router/layer.js:95:5)
    at trim_prefix (/opt/bitnami/apache2/htdocs/data-preprocess/node_modules/express/lib/router/index.js:312:13)
    at /opt/bitnami/apache2/htdocs/data-preprocess/node_modules/express/lib/router/index.js:280:7
    at Function.process_params (/opt/bitnami/apache2/htdocs/data-preprocess/node_modules/express/lib/router/index.js:330:12)
    at next (/opt/bitnami/apache2/htdocs/data-preprocess/node_modules/express/lib/router/index.js:271:10)
    at expressInit (/opt/bitnami/apache2/htdocs/data-preprocess/node_modules/express/lib/middleware/init.js:33:5)
Error: request entity too large
    at readStream (/opt/bitnami/apache2/htdocs/data-preprocess/node_modules/raw-body/index.js:196:17)
    at getRawBody (/opt/bitnami/apache2/htdocs/data-preprocess/node_modules/raw-body/index.js:106:12)
    at read (/opt/bitnami/apache2/htdocs/data-preprocess/node_modules/body-parser/lib/read.js:76:3)
    at urlencodedParser (/opt/bitnami/apache2/htdocs/data-preprocess/node_modules/body-parser/lib/types/urlencoded.js:109:5)
    at Layer.handle [as handle_request] (/opt/bitnami/apache2/htdocs/data-preprocess/node_modules/express/lib/router/layer.js:95:5)
    at trim_prefix (/opt/bitnami/apache2/htdocs/data-preprocess/node_modules/express/lib/router/index.js:312:13)
    at /opt/bitnami/apache2/htdocs/data-preprocess/node_modules/express/lib/router/index.js:280:7
    at Function.process_params (/opt/bitnami/apache2/htdocs/data-preprocess/node_modules/express/lib/router/index.js:330:12)
    at next (/opt/bitnami/apache2/htdocs/data-preprocess/node_modules/express/lib/router/index.js:271:10)
    at expressInit (/opt/bitnami/apache2/htdocs/data-preprocess/node_modules/express/lib/middleware/init.js:33:5)
Error: request entity too large
    at readStream (/opt/bitnami/apache2/htdocs/data-preprocess/node_modules/raw-body/index.js:196:17)
    at getRawBody (/opt/bitnami/apache2/htdocs/data-preprocess/node_modules/raw-body/index.js:106:12)
    at read (/opt/bitnami/apache2/htdocs/data-preprocess/node_modules/body-parser/lib/read.js:76:3)
    at urlencodedParser (/opt/bitnami/apache2/htdocs/data-preprocess/node_modules/body-parser/lib/types/urlencoded.js:109:5)
    at Layer.handle [as handle_request] (/opt/bitnami/apache2/htdocs/data-preprocess/node_modules/express/lib/router/layer.js:95:5)
    at trim_prefix (/opt/bitnami/apache2/htdocs/data-preprocess/node_modules/express/lib/router/index.js:312:13)
    at /opt/bitnami/apache2/htdocs/data-preprocess/node_modules/express/lib/router/index.js:280:7
    at Function.process_params (/opt/bitnami/apache2/htdocs/data-preprocess/node_modules/express/lib/router/index.js:330:12)
    at next (/opt/bitnami/apache2/htdocs/data-preprocess/node_modules/express/lib/router/index.js:271:10)
    at expressInit (/opt/bitnami/apache2/htdocs/data-preprocess/node_modules/express/lib/middleware/init.js:33:5)
Error: request entity too large
    at readStream (/opt/bitnami/apache2/htdocs/data-preprocess/node_modules/raw-body/index.js:196:17)
    at getRawBody (/opt/bitnami/apache2/htdocs/data-preprocess/node_modules/raw-body/index.js:106:12)
    at read (/opt/bitnami/apache2/htdocs/data-preprocess/node_modules/body-parser/lib/read.js:76:3)
    at urlencodedParser (/opt/bitnami/apache2/htdocs/data-preprocess/node_modules/body-parser/lib/types/urlencoded.js:109:5)
    at Layer.handle [as handle_request] (/opt/bitnami/apache2/htdocs/data-preprocess/node_modules/express/lib/router/layer.js:95:5)
    at trim_prefix (/opt/bitnami/apache2/htdocs/data-preprocess/node_modules/express/lib/router/index.js:312:13)
    at /opt/bitnami/apache2/htdocs/data-preprocess/node_modules/express/lib/router/index.js:280:7
    at Function.process_params (/opt/bitnami/apache2/htdocs/data-preprocess/node_modules/express/lib/router/index.js:330:12)
    at next (/opt/bitnami/apache2/htdocs/data-preprocess/node_modules/express/lib/router/index.js:271:10)
    at expressInit (/opt/bitnami/apache2/htdocs/data-preprocess/node_modules/express/lib/middleware/init.js:33:5)
Error: request entity too large
    at readStream (/opt/bitnami/apache2/htdocs/data-preprocess/node_modules/raw-body/index.js:196:17)
    at getRawBody (/opt/bitnami/apache2/htdocs/data-preprocess/node_modules/raw-body/index.js:106:12)
    at read (/opt/bitnami/apache2/htdocs/data-preprocess/node_modules/body-parser/lib/read.js:76:3)
    at urlencodedParser (/opt/bitnami/apache2/htdocs/data-preprocess/node_modules/body-parser/lib/types/urlencoded.js:109:5)
    at Layer.handle [as handle_request] (/opt/bitnami/apache2/htdocs/data-preprocess/node_modules/express/lib/router/layer.js:95:5)
    at trim_prefix (/opt/bitnami/apache2/htdocs/data-preprocess/node_modules/express/lib/router/index.js:312:13)
    at /opt/bitnami/apache2/htdocs/data-preprocess/node_modules/express/lib/router/index.js:280:7
    at Function.process_params (/opt/bitnami/apache2/htdocs/data-preprocess/node_modules/express/lib/router/index.js:330:12)
    at next (/opt/bitnami/apache2/htdocs/data-preprocess/node_modules/express/lib/router/index.js:271:10)
    at expressInit (/opt/bitnami/apache2/htdocs/data-preprocess/node_modules/express/lib/middleware/init.js:33:5)
Error: request entity too large
    at readStream (/opt/bitnami/apache2/htdocs/data-preprocess/node_modules/raw-body/index.js:196:17)
    at getRawBody (/opt/bitnami/apache2/htdocs/data-preprocess/node_modules/raw-body/index.js:106:12)
    at read (/opt/bitnami/apache2/htdocs/data-preprocess/node_modules/body-parser/lib/read.js:76:3)
    at urlencodedParser (/opt/bitnami/apache2/htdocs/data-preprocess/node_modules/body-parser/lib/types/urlencoded.js:109:5)
    at Layer.handle [as handle_request] (/opt/bitnami/apache2/htdocs/data-preprocess/node_modules/express/lib/router/layer.js:95:5)
    at trim_prefix (/opt/bitnami/apache2/htdocs/data-preprocess/node_modules/express/lib/router/index.js:312:13)
    at /opt/bitnami/apache2/htdocs/data-preprocess/node_modules/express/lib/router/index.js:280:7
    at Function.process_params (/opt/bitnami/apache2/htdocs/data-preprocess/node_modules/express/lib/router/index.js:330:12)
    at next (/opt/bitnami/apache2/htdocs/data-preprocess/node_modules/express/lib/router/index.js:271:10)
    at expressInit (/opt/bitnami/apache2/htdocs/data-preprocess/node_modules/express/lib/middleware/init.js:33:5)
Error: request aborted
    at IncomingMessage.onAborted (/opt/bitnami/apache2/htdocs/data-preprocess/node_modules/raw-body/index.js:269:10)
    at emitNone (events.js:80:13)
    at IncomingMessage.emit (events.js:179:7)
    at abortIncoming (_http_server.js:280:11)
    at Socket.serverSocketCloseListener (_http_server.js:293:5)
    at emitOne (events.js:95:20)
    at Socket.emit (events.js:182:7)
    at TCP._onclose (net.js:479:12)
